<?xml version="1.0" encoding="UTF-8"?>
<Site BuildName="(empty)"
	BuildStamp="20230722-1124-Experimental"
	Name="(empty)"
	Generator="ctest-3.22.1"
	CompilerName=""
	CompilerVersion=""
	OSName="Linux"
	Hostname="huanghanghua-virtual-machine"
	OSRelease="5.19.0-46-generic"
	OSVersion="#47~22.04.1-Ubuntu SMP PREEMPT_DYNAMIC Wed Jun 21 15:35:31 UTC 2"
	OSPlatform="x86_64"
	Is64Bits="1"
	VendorString="AuthenticAMD"
	VendorID="Advanced Micro Devices"
	FamilyID="25"
	ModelID="80"
	ProcessorCacheSize="512"
	NumberOfLogicalCPU="4"
	NumberOfPhysicalCPU="4"
	TotalVirtualMemory="3715"
	TotalPhysicalMemory="3910"
	LogicalProcessorsPerPhysical="1"
	ProcessorClockFrequency="2295.6"
	>
	<Testing>
		<StartDateTime>Jul 22 19:24 CST</StartDateTime>
		<StartTestTime>1690025048</StartTestTime>
		<TestList/>
		<EndDateTime>Jul 22 19:24 CST</EndDateTime>
		<EndTestTime>1690025048</EndTestTime>
		<ElapsedMinutes>0</ElapsedMinutes>
	</Testing>
</Site>
